C:\Program Files (x86)\Microsoft Visual Studio\2019\Enterprise\MSBuild\Microsoft\VC\v160\Microsoft.CppBuild.targets(499,5): warning MSB8004: Output Directory does not end with a trailing slash.  This build instance will add the slash as it is required to allow proper evaluation of the Output Directory.
  g_cmds.c
E:\Downloads\NJIT\IT266\git\gameModFinal\game\g_cmds.c(34,8): warning C4996: 'strcpy': This function or variable may be unsafe. Consider using strcpy_s instead. To disable deprecation, use _CRT_SECURE_NO_WARNINGS. See online help for details.
E:\Downloads\NJIT\IT266\git\gameModFinal\game\g_cmds.c(57,9): warning C4996: 'strcpy': This function or variable may be unsafe. Consider using strcpy_s instead. To disable deprecation, use _CRT_SECURE_NO_WARNINGS. See online help for details.
E:\Downloads\NJIT\IT266\git\gameModFinal\game\g_cmds.c(58,9): warning C4996: 'strcpy': This function or variable may be unsafe. Consider using strcpy_s instead. To disable deprecation, use _CRT_SECURE_NO_WARNINGS. See online help for details.
E:\Downloads\NJIT\IT266\git\gameModFinal\game\g_cmds.c(748,11): warning C4996: 'strcat': This function or variable may be unsafe. Consider using strcat_s instead. To disable deprecation, use _CRT_SECURE_NO_WARNINGS. See online help for details.
E:\Downloads\NJIT\IT266\git\gameModFinal\game\g_cmds.c(751,10): warning C4996: 'strcat': This function or variable may be unsafe. Consider using strcat_s instead. To disable deprecation, use _CRT_SECURE_NO_WARNINGS. See online help for details.
E:\Downloads\NJIT\IT266\git\gameModFinal\game\g_cmds.c(834,10): warning C4996: 'strcat': This function or variable may be unsafe. Consider using strcat_s instead. To disable deprecation, use _CRT_SECURE_NO_WARNINGS. See online help for details.
E:\Downloads\NJIT\IT266\git\gameModFinal\game\g_cmds.c(835,10): warning C4996: 'strcat': This function or variable may be unsafe. Consider using strcat_s instead. To disable deprecation, use _CRT_SECURE_NO_WARNINGS. See online help for details.
E:\Downloads\NJIT\IT266\git\gameModFinal\game\g_cmds.c(836,10): warning C4996: 'strcat': This function or variable may be unsafe. Consider using strcat_s instead. To disable deprecation, use _CRT_SECURE_NO_WARNINGS. See online help for details.
E:\Downloads\NJIT\IT266\git\gameModFinal\game\g_cmds.c(847,9): warning C4996: 'strcat': This function or variable may be unsafe. Consider using strcat_s instead. To disable deprecation, use _CRT_SECURE_NO_WARNINGS. See online help for details.
E:\Downloads\NJIT\IT266\git\gameModFinal\game\g_cmds.c(854,8): warning C4996: 'strcat': This function or variable may be unsafe. Consider using strcat_s instead. To disable deprecation, use _CRT_SECURE_NO_WARNINGS. See online help for details.
E:\Downloads\NJIT\IT266\git\gameModFinal\game\g_cmds.c(901,13): warning C4459: declaration of 'st' hides global declaration
E:\Downloads\NJIT\IT266\git\gameModFinal\game\g_local.h(456,21): message : see declaration of 'st'
E:\Downloads\NJIT\IT266\git\gameModFinal\game\g_cmds.c(923,9): warning C4996: 'strcat': This function or variable may be unsafe. Consider using strcat_s instead. To disable deprecation, use _CRT_SECURE_NO_WARNINGS. See online help for details.
E:\Downloads\NJIT\IT266\git\gameModFinal\game\g_cmds.c(911,3): warning C4996: 'sprintf': This function or variable may be unsafe. Consider using sprintf_s instead. To disable deprecation, use _CRT_SECURE_NO_WARNINGS. See online help for details.
E:\Downloads\NJIT\IT266\git\gameModFinal\game\g_cmds.c(919,4): warning C4996: 'sprintf': This function or variable may be unsafe. Consider using sprintf_s instead. To disable deprecation, use _CRT_SECURE_NO_WARNINGS. See online help for details.
E:\Downloads\NJIT\IT266\git\gameModFinal\game\g_cmds.c(977,22): warning C4013: 'SP_monster_gladiator' undefined; assuming extern returning int
  g_weapon.c
E:\Downloads\NJIT\IT266\git\gameModFinal\game\g_weapon.c(307,19): warning C4013: 'SP_monster_gunner' undefined; assuming extern returning int
E:\Downloads\NJIT\IT266\git\gameModFinal\game\g_weapon.c(297,131): warning C4100: 'mod': unreferenced formal parameter
E:\Downloads\NJIT\IT266\git\gameModFinal\game\g_weapon.c(297,120): warning C4100: 'count': unreferenced formal parameter
E:\Downloads\NJIT\IT266\git\gameModFinal\game\g_weapon.c(297,107): warning C4100: 'vspread': unreferenced formal parameter
E:\Downloads\NJIT\IT266\git\gameModFinal\game\g_weapon.c(297,94): warning C4100: 'hspread': unreferenced formal parameter
E:\Downloads\NJIT\IT266\git\gameModFinal\game\g_weapon.c(297,84): warning C4100: 'kick': unreferenced formal parameter
E:\Downloads\NJIT\IT266\git\gameModFinal\game\g_weapon.c(297,72): warning C4100: 'damage': unreferenced formal parameter
E:\Downloads\NJIT\IT266\git\gameModFinal\game\g_weapon.c(297,60): warning C4100: 'aimdir': unreferenced formal parameter
E:\Downloads\NJIT\IT266\git\gameModFinal\game\g_weapon.c(297,46): warning C4100: 'start': unreferenced formal parameter
E:\Downloads\NJIT\IT266\git\gameModFinal\game\g_weapon.c(299,7): warning C4101: 'i': unreferenced local variable
E:\Downloads\NJIT\IT266\git\gameModFinal\game\g_weapon.c(469,18): warning C4013: 'SP_monster_flyer' undefined; assuming extern returning int
E:\Downloads\NJIT\IT266\git\gameModFinal\game\g_weapon.c(473,68): warning C4100: 'plane': unreferenced formal parameter
E:\Downloads\NJIT\IT266\git\gameModFinal\game\g_weapon.c(648,20): warning C4013: 'SP_monster_berserk' undefined; assuming extern returning int
E:\Downloads\NJIT\IT266\git\gameModFinal\game\g_weapon.c(638,108): warning C4100: 'radius_damage': unreferenced formal parameter
E:\Downloads\NJIT\IT266\git\gameModFinal\game\g_weapon.c(638,89): warning C4100: 'damage_radius': unreferenced formal parameter
E:\Downloads\NJIT\IT266\git\gameModFinal\game\g_weapon.c(638,76): warning C4100: 'speed': unreferenced formal parameter
E:\Downloads\NJIT\IT266\git\gameModFinal\game\g_weapon.c(638,64): warning C4100: 'damage': unreferenced formal parameter
E:\Downloads\NJIT\IT266\git\gameModFinal\game\g_weapon.c(638,55): warning C4100: 'dir': unreferenced formal parameter
E:\Downloads\NJIT\IT266\git\gameModFinal\game\g_weapon.c(638,41): warning C4100: 'start': unreferenced formal parameter
E:\Downloads\NJIT\IT266\git\gameModFinal\game\g_weapon.c(640,11): warning C4101: 'rocket': unreferenced local variable
E:\Downloads\NJIT\IT266\git\gameModFinal\game\g_weapon.c(699,17): warning C4013: 'SP_monster_tank' undefined; assuming extern returning int
E:\Downloads\NJIT\IT266\git\gameModFinal\game\g_weapon.c(684,77): warning C4100: 'kick': unreferenced formal parameter
E:\Downloads\NJIT\IT266\git\gameModFinal\game\g_weapon.c(684,65): warning C4100: 'damage': unreferenced formal parameter
E:\Downloads\NJIT\IT266\git\gameModFinal\game\g_weapon.c(684,53): warning C4100: 'aimdir': unreferenced formal parameter
E:\Downloads\NJIT\IT266\git\gameModFinal\game\g_weapon.c(684,39): warning C4100: 'start': unreferenced formal parameter
E:\Downloads\NJIT\IT266\git\gameModFinal\game\g_weapon.c(686,10): warning C4101: 'from': unreferenced local variable
E:\Downloads\NJIT\IT266\git\gameModFinal\game\g_weapon.c(689,12): warning C4101: 'ignore': unreferenced local variable
E:\Downloads\NJIT\IT266\git\gameModFinal\game\g_weapon.c(687,10): warning C4101: 'end': unreferenced local variable
E:\Downloads\NJIT\IT266\git\gameModFinal\game\g_weapon.c(691,11): warning C4101: 'water': unreferenced local variable
E:\Downloads\NJIT\IT266\git\gameModFinal\game\g_weapon.c(690,8): warning C4101: 'mask': unreferenced local variable
E:\Downloads\NJIT\IT266\git\gameModFinal\game\g_weapon.c(688,11): warning C4101: 'tr': unreferenced local variable
E:\Downloads\NJIT\IT266\git\gameModFinal\game\g_weapon.c(797,19): warning C4013: 'SP_monster_medic' undefined; assuming extern returning int
  Generating Code...
     Creating library .\..\release\gamex86.lib and object .\..\release\gamex86.exp
  game.vcxproj -> E:\Program Files\Steam\steamapps\common\Quake 2\mod\gamex86.dll
